<?xml version="1.0" encoding="UTF-8"?>
<testsuite xmlns:xsi="http://www.w3.org/2001/XMLSchema-instance" xsi:noNamespaceSchemaLocation="https://maven.apache.org/surefire/maven-surefire-plugin/xsd/surefire-test-report.xsd" name="esiea.tools.vector3d.TestEntity3d" time="0.086" tests="10" errors="0" skipped="0" failures="0">
  <properties>
[...]
</properties>
  <testcase name="TestEpsilonEquals" classname="esiea.tools.vector3d.TestEntity3d" time="0.04"/>
  <testcase name="TestEquals" classname="esiea.tools.vector3d.TestEntity3d" time="0"/>
  <testcase name="TestToString" classname="esiea.tools.vector3d.TestEntity3d" time="0.013"/>
  <testcase name="TestEntity3dVoidConstructor" classname="esiea.tools.vector3d.TestEntity3d" time="0.006"/>
  <testcase name="TestEntity3dConstructor" classname="esiea.tools.vector3d.TestEntity3d" time="0.001"/>
  <testcase name="TestAdd" classname="esiea.tools.vector3d.TestEntity3d" time="0.001"/>
  <testcase name="TestScale" classname="esiea.tools.vector3d.TestEntity3d" time="0"/>
  <testcase name="TestHashCode" classname="esiea.tools.vector3d.TestEntity3d" time="0.009"/>
  <testcase name="TestScaleEntity" classname="esiea.tools.vector3d.TestEntity3d" time="0.001"/>
  <testcase name="TestEntity3dCopyConstructor" classname="esiea.tools.vector3d.TestEntity3d" time="0.001"/>
</testsuite>